{"uid":"1458cf5b38359f3c","name":"Should be able to delete a todo correctly","fullName":"com.qacart.todo.testcases.TodoTest.shouldBeAbleToDeleteTodo","historyId":"4e92c9596c36fcad46b7a804e4236d95","time":{"start":1674730922789,"stop":1674730926343,"duration":3554},"status":"failed","statusMessage":"BUG! exception in phase 'class generation' in source unit 'Script1.groovy' unexpected NullPointerException","statusTrace":"BUG! exception in phase 'class generation' in source unit 'Script1.groovy' unexpected NullPointerException\r\n\tat org.codehaus.groovy.control.CompilationUnit$IPrimaryClassNodeOperation.doPhaseOperation(CompilationUnit.java:942)\r\n\tat org.codehaus.groovy.control.CompilationUnit.processPhaseOperations(CompilationUnit.java:692)\r\n\tat org.codehaus.groovy.control.CompilationUnit.compile(CompilationUnit.java:666)\r\n\tat groovy.lang.GroovyClassLoader.doParseClass(GroovyClassLoader.java:373)\r\n\tat groovy.lang.GroovyClassLoader.lambda$parseClass$2(GroovyClassLoader.java:316)\r\n\tat org.codehaus.groovy.runtime.memoize.StampedCommonCache.compute(StampedCommonCache.java:163)\r\n\tat org.codehaus.groovy.runtime.memoize.StampedCommonCache.getAndPut(StampedCommonCache.java:154)\r\n\tat groovy.lang.GroovyClassLoader.parseClass(GroovyClassLoader.java:314)\r\n\tat groovy.lang.GroovyShell.parseClass(GroovyShell.java:572)\r\n\tat groovy.lang.GroovyShell.parse(GroovyShell.java:585)\r\n\tat groovy.lang.GroovyShell.parse(GroovyShell.java:597)\r\n\tat groovy.lang.GroovyShell.evaluate(GroovyShell.java:459)\r\n\tat groovy.lang.GroovyShell.evaluate(GroovyShell.java:495)\r\n\tat groovy.lang.GroovyShell.evaluate(GroovyShell.java:469)\r\n\tat java.base/jdk.internal.reflect.DirectMethodHandleAccessor.invoke(DirectMethodHandleAccessor.java:104)\r\n\tat java.base/java.lang.reflect.Method.invoke(Method.java:578)\r\n\tat org.codehaus.groovy.runtime.callsite.PlainObjectMetaMethodSite.doInvoke(PlainObjectMetaMethodSite.java:43)\r\n\tat org.codehaus.groovy.runtime.callsite.PogoMetaMethodSite$PogoCachedMethodSiteNoUnwrap.invoke(PogoMetaMethodSite.java:186)\r\n\tat org.codehaus.groovy.runtime.callsite.PogoMetaMethodSite.call(PogoMetaMethodSite.java:75)\r\n\tat org.codehaus.groovy.runtime.callsite.AbstractCallSite.call(AbstractCallSite.java:139)\r\n\tat io.restassured.internal.path.json.JSONAssertion.eval(JSONAssertion.groovy:84)\r\n\tat io.restassured.internal.path.json.JSONAssertion.this$2$eval(JSONAssertion.groovy)\r\n\tat java.base/jdk.internal.reflect.DirectMethodHandleAccessor.invoke(DirectMethodHandleAccessor.java:104)\r\n\tat java.base/java.lang.reflect.Method.invoke(Method.java:578)\r\n\tat org.codehaus.groovy.runtime.callsite.PlainObjectMetaMethodSite.doInvoke(PlainObjectMetaMethodSite.java:43)\r\n\tat org.codehaus.groovy.runtime.callsite.PogoMetaMethodSite$PogoCachedMethodSiteNoUnwrapNoCoerce.invoke(PogoMetaMethodSite.java:198)\r\n\tat org.codehaus.groovy.runtime.callsite.PogoMetaMethodSite.callCurrent(PogoMetaMethodSite.java:62)\r\n\tat org.codehaus.groovy.runtime.callsite.AbstractCallSite.callCurrent(AbstractCallSite.java:203)\r\n\tat io.restassured.internal.path.json.JSONAssertion.getAsJsonObject(JSONAssertion.groovy:46)\r\n\tat io.restassured.internal.path.json.JSONAssertion$getAsJsonObject.callCurrent(Unknown Source)\r\n\tat io.restassured.internal.path.json.JSONAssertion.getResult(JSONAssertion.groovy:28)\r\n\tat io.restassured.path.json.JsonPath.get(JsonPath.java:203)\r\n\tat io.restassured.path.json.JsonPath$get$2.call(Unknown Source)\r\n\tat io.restassured.internal.RestAssuredResponseOptionsGroovyImpl.path(RestAssuredResponseOptionsGroovyImpl.groovy:410)\r\n\tat io.restassured.internal.RestAssuredResponseOptionsImpl.path(RestAssuredResponseOptionsImpl.java:230)\r\n\tat com.qacart.todo.api.RegisterApi.register(RegisterApi.java:51)\r\n\tat com.qacart.todo.testcases.TodoTest.shouldBeAbleToDeleteTodo(TodoTest.java:33)\r\n\tat java.base/jdk.internal.reflect.DirectMethodHandleAccessor.invoke(DirectMethodHandleAccessor.java:104)\r\n\tat java.base/java.lang.reflect.Method.invoke(Method.java:578)\r\n\tat org.testng.internal.invokers.MethodInvocationHelper.invokeMethod(MethodInvocationHelper.java:139)\r\n\tat org.testng.internal.invokers.TestInvoker.invokeMethod(TestInvoker.java:677)\r\n\tat org.testng.internal.invokers.TestInvoker.invokeTestMethod(TestInvoker.java:221)\r\n\tat org.testng.internal.invokers.MethodRunner.runInSequence(MethodRunner.java:50)\r\n\tat org.testng.internal.invokers.TestInvoker$MethodInvocationAgent.invoke(TestInvoker.java:969)\r\n\tat org.testng.internal.invokers.TestInvoker.invokeTestMethods(TestInvoker.java:194)\r\n\tat org.testng.internal.invokers.TestMethodWorker.invokeTestMethods(TestMethodWorker.java:148)\r\n\tat org.testng.internal.invokers.TestMethodWorker.run(TestMethodWorker.java:128)\r\n\tat java.base/java.util.concurrent.ThreadPoolExecutor.runWorker(ThreadPoolExecutor.java:1144)\r\n\tat java.base/java.util.concurrent.ThreadPoolExecutor$Worker.run(ThreadPoolExecutor.java:642)\r\n\tat java.base/java.lang.Thread.run(Thread.java:1589)\r\nCaused by: java.lang.NullPointerException: Cannot invoke \"Object.equals(Object)\" because \"this.listKeys[i]\" is null\r\n\tat org.codehaus.groovy.util.ListHashMap.get(ListHashMap.java:120)\r\n\tat org.codehaus.groovy.ast.NodeMetaDataHandler.getNodeMetaData(NodeMetaDataHandler.java:44)\r\n\tat org.codehaus.groovy.ast.tools.GenericsUtils.createGenericsSpec(GenericsUtils.java:485)\r\n\tat org.codehaus.groovy.classgen.Verifier.addCovariantMethods(Verifier.java:1428)\r\n\tat org.codehaus.groovy.classgen.Verifier.addCovariantMethods(Verifier.java:1407)\r\n\tat org.codehaus.groovy.classgen.Verifier.visitClass(Verifier.java:269)\r\n\tat org.codehaus.groovy.control.CompilationUnit$3.call(CompilationUnit.java:755)\r\n\tat org.codehaus.groovy.control.CompilationUnit$IPrimaryClassNodeOperation.doPhaseOperation(CompilationUnit.java:937)\r\n\t... 49 more\r\n","flaky":false,"newFailed":false,"newBroken":false,"newPassed":false,"retriesCount":73,"retriesStatusChange":true,"beforeStages":[{"name":"setup","time":{"start":1674730919053,"stop":1674730922689,"duration":3636},"description":"","status":"passed","steps":[],"attachments":[],"parameters":[],"stepsCount":0,"hasContent":false,"attachmentsCount":0,"shouldDisplayMessage":false}],"afterStages":[{"name":"tearDown","time":{"start":1674730926358,"stop":1674730927499,"duration":1141},"description":"","status":"passed","steps":[],"attachments":[{"uid":"1d447bab0c8f69f4","name":"screenshot","source":"1d447bab0c8f69f4.png","type":"image/png","size":9801}],"parameters":[],"stepsCount":0,"hasContent":true,"attachmentsCount":1,"shouldDisplayMessage":false}],"labels":[{"name":"package","value":"com.qacart.todo.testcases.TodoTest"},{"name":"testClass","value":"com.qacart.todo.testcases.TodoTest"},{"name":"testMethod","value":"shouldBeAbleToDeleteTodo"},{"name":"parentSuite","value":"Surefire suite"},{"name":"suite","value":"Surefire test"},{"name":"subSuite","value":"com.qacart.todo.testcases.TodoTest"},{"name":"host","value":"DE-L089116"},{"name":"thread","value":"4348@DE-L089116.TestNG-test=Surefire test-3(49)"},{"name":"framework","value":"testng"},{"name":"language","value":"java"},{"name":"story","value":"Delete Todo"},{"name":"feature","value":"Todo Feature"},{"name":"resultFormat","value":"allure2"}],"parameters":[],"links":[],"hidden":false,"retry":false,"extra":{"severity":"normal","retries":[{"uid":"8bf92c679dfdafcc","status":"broken","statusDetails":"Invalid JSON expression:\r\nGeneral error during instruction selection: java.lang.ExceptionInInitializerError\r\n\r\njava.lang.RuntimeException: java.lang.ExceptionInInitializerError\r\n\tat org.codehaus.groovy.control.CompilationUnit$IPrimaryClassNodeOperation.doPhaseOperation(CompilationUnit.java:971)\r\n\tat org.codehaus.groovy.control.CompilationUnit.processPhaseOperations(CompilationUnit.java:692)\r\n\tat org.codehaus.groovy.control.CompilationUnit.compile(CompilationUnit.java:666)\r\n\tat groovy.lang.GroovyClassLoader.doParseClass(GroovyClassLoader.java:373)\r\n\tat groovy.lang.GroovyClassLoader.lambda$parseClass$2(GroovyClassLoader.java:316)\r\n\tat org.codehaus.groovy.runtime.memoize.StampedCommonCache.compute(StampedCommonCache.java:163)\r\n\tat org.codehaus.groovy.runtime.memoize.StampedCommonCache.getAndPut(StampedCommonCache.java:154)\r\n\tat groovy.lang.GroovyClassLoader.parseClass(GroovyClassLoader.java:314)\r\n\tat groovy.lang.GroovyShell.parseClass(GroovyShell.java:572)\r\n\tat groovy.lang.GroovyShell.parse(GroovyShell.java:585)\r\n\tat groovy.lang.GroovyShell.parse(GroovyShell.java:597)\r\n\tat groovy.lang.GroovyShell.evaluate(GroovyShell.java:459)\r\n\tat groovy.lang.GroovyShell.evaluate(GroovyShell.java:495)\r\n\tat groovy.lang.GroovyShell.evaluate(GroovyShell.java:469)\r\n\tat java.base/jdk.internal.reflect.DirectMethodHandleAccessor.invoke(DirectMethodHandleAccessor.java:104)\r\n\tat java.base/java.lang.reflect.Method.invoke(Method.java:578)\r\n\tat org.codehaus.groovy.runtime.callsite.PlainObjectMetaMethodSite.doInvoke(PlainObjectMetaMethodSite.java:43)\r\n\tat org.codehaus.groovy.runtime.callsite.PogoMetaMethodSite$PogoCachedMethodSiteNoUnwrap.invoke(PogoMetaMethodSite.java:186)\r\n\tat org.codehaus.groovy.runtime.callsite.PogoMetaMethodSite.call(PogoMetaMethodSite.java:75)\r\n\tat org.codehaus.groovy.runtime.callsite.CallSiteArray.defaultCall(CallSiteArray.java:45)\r\n\tat org.codehaus.groovy.runtime.callsite.AbstractCallSite.call(AbstractCallSite.java:125)\r\n\tat org.codehaus.groovy.runtime.callsite.AbstractCallSite.call(AbstractCallSite.java:139)\r\n\tat io.restassured.internal.path.json.JSONAssertion.eval(JSONAssertion.groovy:84)\r\n\tat io.restassured.internal.path.json.JSONAssertion.this$2$eval(JSONAssertion.groovy)\r\n\tat java.base/jdk.internal.reflect.DirectMethodHandleAccessor.invoke(DirectMethodHandleAccessor.java:104)\r\n\tat java.base/java.lang.reflect.Method.invoke(Method.java:578)\r\n\tat org.codehaus.groovy.runtime.callsite.PlainObjectMetaMethodSite.doInvoke(PlainObjectMetaMethodSite.java:43)\r\n\tat org.codehaus.groovy.runtime.callsite.PogoMetaMethodSite$PogoCachedMethodSiteNoUnwrapNoCoerce.invoke(PogoMetaMethodSite.java:198)\r\n\tat org.codehaus.groovy.runtime.callsite.PogoMetaMethodSite.callCurrent(PogoMetaMethodSite.java:62)\r\n\tat org.codehaus.groovy.runtime.callsite.CallSiteArray.defaultCallCurrent(CallSiteArray.java:49)\r\n\tat org.codehaus.groovy.runtime.callsite.AbstractCallSite.callCurrent(AbstractCallSite.java:171)\r\n\tat org.codehaus.groovy.runtime.callsite.AbstractCallSite.callCurrent(AbstractCallSite.java:203)\r\n\tat io.restassured.internal.path.json.JSONAssertion.getAsJsonObject(JSONAssertion.groovy:46)\r\n\tat io.restassured.internal.path.json.JSONAssertion$getAsJsonObject$0.callCurrent(Unknown Source)\r\n\tat org.codehaus.groovy.runtime.callsite.CallSiteArray.defaultCallCurrent(CallSiteArray.java:49)\r\n\tat org.codehaus.groovy.runtime.callsite.AbstractCallSite.callCurrent(AbstractCallSite.java:171)\r\n\tat org.codehaus.groovy.runtime.callsite.AbstractCallSite.callCurrent(AbstractCallSite.java:185)\r\n\tat io.restassured.internal.path.json.JSONAssertion.getResult(JSONAssertion.groovy:28)\r\n\tat io.restassured.path.json.JsonPath.get(JsonPath.java:203)\r\n\tat io.restassured.path.json.JsonPath$get$1.call(Unknown Source)\r\n\tat org.codehaus.groovy.runtime.callsite.CallSiteArray.defaultCall(CallSiteArray.java:45)\r\n\tat org.codehaus.groovy.runtime.callsite.AbstractCallSite.call(AbstractCallSite.java:125)\r\n\tat org.codehaus.groovy.runtime.callsite.AbstractCallSite.call(AbstractCallSite.java:139)\r\n\tat io.restassured.internal.RestAssuredResponseOptionsGroovyImpl.path(RestAssuredResponseOptionsGroovyImpl.groovy:410)\r\n\tat io.restassured.internal.RestAssuredResponseOptionsImpl.path(RestAssuredResponseOptionsImpl.java:230)\r\n\tat com.qacart.todo.api.RegisterApi.register(RegisterApi.java:50)\r\n\tat com.qacart.todo.testcases.TodoTest.shouldBeAbleToDeleteTodo(TodoTest.java:33)\r\n\tat java.base/jdk.internal.reflect.DirectMethodHandleAccessor.invoke(DirectMethodHandleAccessor.java:104)\r\n\tat java.base/java.lang.reflect.Method.invoke(Method.java:578)\r\n\tat org.testng.internal.invokers.MethodInvocationHelper.invokeMethod(MethodInvocationHelper.java:139)\r\n\tat org.testng.internal.invokers.TestInvoker.invokeMethod(TestInvoker.java:677)\r\n\tat org.testng.internal.invokers.TestInvoker.invokeTestMethod(TestInvoker.java:221)\r\n\tat org.testng.internal.invokers.MethodRunner.runInSequence(MethodRunner.java:50)\r\n\tat org.testng.internal.invokers.TestInvoker$MethodInvocationAgent.invoke(TestInvoker.java:969)\r\n\tat org.testng.internal.invokers.TestInvoker.invokeTestMethods(TestInvoker.java:194)\r\n\tat org.testng.internal.invokers.TestMethodWorker.invokeTestMethods(TestMethodWorker.java:148)\r\n\tat org.testng.internal.invokers.TestMethodWorker.run(TestMethodWorker.java:128)\r\n\tat java.base/java.util.concurrent.ThreadPoolExecutor.runWorker(ThreadPoolExecutor.java:1144)\r\n\tat java.base/java.util.concurrent.ThreadPoolExecutor$Worker.run(ThreadPoolExecutor.java:642)\r\n\tat java.base/java.lang.Thread.run(Thread.java:1589)\r\nCaused by: java.lang.ExceptionInInitializerError\r\n\tat org.codehaus.groovy.classgen.asm.WriterController.init(WriterController.java:98)\r\n\tat org.codehaus.groovy.classgen.AsmClassGenerator.visitClass(AsmClassGenerator.java:304)\r\n\tat org.codehaus.groovy.control.CompilationUnit$3.call(CompilationUnit.java:797)\r\n\tat org.codehaus.groovy.control.CompilationUnit$IPrimaryClassNodeOperation.doPhaseOperation(CompilationUnit.java:937)\r\n\t... 59 more\r\nCaused by: java.lang.NullPointerException: Cannot invoke \"Object.equals(Object)\" because \"this.listKeys[i]\" is null\r\n\tat org.codehaus.groovy.util.ListHashMap.get(ListHashMap.java:120)\r\n\tat org.codehaus.groovy.ast.NodeMetaDataHandler.getNodeMetaData(NodeMetaDataHandler.java:44)\r\n\tat org.codehaus.groovy.ast.ClassHelper.isDynamicTyped(ClassHelper.java:433)\r\n\tat org.codehaus.groovy.ast.MethodNode.setReturnType(MethodNode.java:154)\r\n\tat org.codehaus.groovy.ast.MethodNode.<init>(MethodNode.java:70)\r\n\tat org.codehaus.groovy.vmplugin.v8.Java8.configureClassNode(Java8.java:428)\r\n\tat org.codehaus.groovy.ast.ClassNode.lazyClassInit(ClassNode.java:287)\r\n\tat org.codehaus.groovy.ast.ClassNode.getDeclaredMethods(ClassNode.java:883)\r\n\tat org.codehaus.groovy.ast.ClassNode.getDeclaredMethod(ClassNode.java:909)\r\n\tat org.codehaus.groovy.classgen.asm.InvocationWriter.<clinit>(InvocationWriter.java:93)\r\n\t... 63 more\r\n\r\n1 error\r\n","time":{"start":1674730301587,"stop":1674730305224,"duration":3637}},{"uid":"d84e473c23a05577","status":"passed","time":{"start":1674685748672,"stop":1674685754403,"duration":5731}},{"uid":"d4cdb2b13ec33938","status":"broken","statusDetails":"no such element: Unable to locate element: {\"method\":\"xpath\",\"selector\":\"//*[@data-testid = 'delete']\"}\n  (Session info: chrome=109.0.5414.119)\nFor documentation on this error, please visit: https://selenium.dev/exceptions/#no_such_element\nBuild info: version: '4.7.1', revision: 'c6795baf1a3'\nSystem info: os.name: 'Windows 10', os.arch: 'amd64', os.version: '10.0', java.version: '19.0.1'\nDriver info: org.openqa.selenium.chrome.ChromeDriver\nCommand: [b20f938192d85af7209d710edb53afad, findElement {using=xpath, value=//*[@data-testid = 'delete']}]\nCapabilities {acceptInsecureCerts: false, browserName: chrome, browserVersion: 109.0.5414.119, chrome: {chromedriverVersion: 109.0.5414.74 (e7c5703604da..., userDataDir: C:\\Users\\AHMEDE~1.ELG\\AppDa...}, goog:chromeOptions: {debuggerAddress: localhost:59641}, networkConnectionEnabled: false, pageLoadStrategy: normal, platformName: WINDOWS, proxy: Proxy(), se:cdp: ws://localhost:59641/devtoo..., se:cdpVersion: 109.0.5414.119, setWindowRect: true, strictFileInteractability: false, timeouts: {implicit: 0, pageLoad: 300000, script: 30000}, unhandledPromptBehavior: dismiss and notify, webauthn:extension:credBlob: true, webauthn:extension:largeBlob: true, webauthn:virtualAuthenticators: true}\nSession ID: b20f938192d85af7209d710edb53afad","time":{"start":1674685690005,"stop":1674685723291,"duration":33286}},{"uid":"3823325021a3bea2","status":"broken","statusDetails":"no such element: Unable to locate element: {\"method\":\"xpath\",\"selector\":\"//*[@data-testid = 'delete']\"}\n  (Session info: chrome=109.0.5414.119)\nFor documentation on this error, please visit: https://selenium.dev/exceptions/#no_such_element\nBuild info: version: '4.7.1', revision: 'c6795baf1a3'\nSystem info: os.name: 'Windows 10', os.arch: 'amd64', os.version: '10.0', java.version: '19.0.1'\nDriver info: org.openqa.selenium.chrome.ChromeDriver\nCommand: [664dcd05175bda66161529e85e54c8f9, findElement {using=xpath, value=//*[@data-testid = 'delete']}]\nCapabilities {acceptInsecureCerts: false, browserName: chrome, browserVersion: 109.0.5414.119, chrome: {chromedriverVersion: 109.0.5414.74 (e7c5703604da..., userDataDir: C:\\Users\\AHMEDE~1.ELG\\AppDa...}, goog:chromeOptions: {debuggerAddress: localhost:59381}, networkConnectionEnabled: false, pageLoadStrategy: normal, platformName: WINDOWS, proxy: Proxy(), se:cdp: ws://localhost:59381/devtoo..., se:cdpVersion: 109.0.5414.119, setWindowRect: true, strictFileInteractability: false, timeouts: {implicit: 0, pageLoad: 300000, script: 30000}, unhandledPromptBehavior: dismiss and notify, webauthn:extension:credBlob: true, webauthn:extension:largeBlob: true, webauthn:virtualAuthenticators: true}\nSession ID: 664dcd05175bda66161529e85e54c8f9","time":{"start":1674685552930,"stop":1674685590306,"duration":37376}},{"uid":"61d07ed744332d5a","status":"passed","time":{"start":1674685512169,"stop":1674685514512,"duration":2343}},{"uid":"2eb5812b0dea4e31","status":"passed","time":{"start":1674683047089,"stop":1674683055482,"duration":8393}},{"uid":"d401765151ce0d8c","status":"passed","time":{"start":1674682808643,"stop":1674682811969,"duration":3326}},{"uid":"3403753da161f5bf","status":"passed","time":{"start":1674676185779,"stop":1674676195098,"duration":9319}},{"uid":"3e8356be07aeec39","status":"passed","time":{"start":1674386067950,"stop":1674386073505,"duration":5555}},{"uid":"bd00f9d2a82f87ef","status":"passed","time":{"start":1674385939234,"stop":1674385945200,"duration":5966}},{"uid":"b391cb3cc8cff146","status":"passed","time":{"start":1673940464337,"stop":1673940466655,"duration":2318}},{"uid":"983526b9008d6b88","status":"passed","time":{"start":1673614214424,"stop":1673614216807,"duration":2383}},{"uid":"fcbb0207ab8397f4","status":"passed","time":{"start":1673614178152,"stop":1673614191653,"duration":13501}},{"uid":"3d2e9f7ab78359a4","status":"passed","time":{"start":1673519614089,"stop":1673519621305,"duration":7216}},{"uid":"374c9a8652ce47e0","status":"passed","time":{"start":1673090129930,"stop":1673090132411,"duration":2481}},{"uid":"44a4a188a6618d02","status":"passed","time":{"start":1673003592479,"stop":1673003603234,"duration":10755}},{"uid":"ff9bf5944ceb6bcd","status":"passed","time":{"start":1672928463839,"stop":1672928469207,"duration":5368}},{"uid":"b7f896a048de34a0","status":"passed","time":{"start":1672755317801,"stop":1672755323044,"duration":5243}},{"uid":"7db6a3dfc909f8b5","status":"passed","time":{"start":1672413555324,"stop":1672413561169,"duration":5845}},{"uid":"35c85d7ed8f8c128","status":"passed","time":{"start":1672413044081,"stop":1672413052886,"duration":8805}},{"uid":"138b58518272a170","status":"passed","time":{"start":1672411696131,"stop":1672411701730,"duration":5599}},{"uid":"812e831d591d3bfc","status":"passed","time":{"start":1672316210522,"stop":1672316215829,"duration":5307}},{"uid":"28bb1673e2e0b77","status":"passed","time":{"start":1672315056419,"stop":1672315062447,"duration":6028}},{"uid":"7749c10314c663b1","status":"passed","time":{"start":1672314975541,"stop":1672314981212,"duration":5671}},{"uid":"a89f38fee5e9484","status":"broken","statusDetails":"no such element: Unable to locate element: {\"method\":\"css selector\",\"selector\":\"[data-testid=\"no-todos\"]\"}\n  (Session info: chrome=108.0.5359.125)\nFor documentation on this error, please visit: https://selenium.dev/exceptions/#no_such_element\nBuild info: version: '4.7.1', revision: 'c6795baf1a3'\nSystem info: os.name: 'Windows 10', os.arch: 'amd64', os.version: '10.0', java.version: '19.0.1'\nDriver info: org.openqa.selenium.chrome.ChromeDriver\nCommand: [e0abe779f4ddf1a640948f2811e3dd26, findElement {using=css selector, value=[data-testid=\"no-todos\"]}]\nCapabilities {acceptInsecureCerts: false, browserName: chrome, browserVersion: 108.0.5359.125, chrome: {chromedriverVersion: 108.0.5359.71 (1e0e3868ee06..., userDataDir: C:\\Users\\AHMEDE~1.ELG\\AppDa...}, goog:chromeOptions: {debuggerAddress: localhost:53578}, networkConnectionEnabled: false, pageLoadStrategy: normal, platformName: WINDOWS, proxy: Proxy(), se:cdp: ws://localhost:53578/devtoo..., se:cdpVersion: 108.0.5359.125, setWindowRect: true, strictFileInteractability: false, timeouts: {implicit: 0, pageLoad: 300000, script: 30000}, unhandledPromptBehavior: dismiss and notify, webauthn:extension:credBlob: true, webauthn:extension:largeBlob: true, webauthn:virtualAuthenticators: true}\nSession ID: e0abe779f4ddf1a640948f2811e3dd26","time":{"start":1672314905421,"stop":1672314940875,"duration":35454}},{"uid":"f47fd50c4db911d9","status":"broken","statusDetails":"no such element: Unable to locate element: {\"method\":\"xpath\",\"selector\":\"//*[@data-testid = 'delete']\"}\n  (Session info: chrome=108.0.5359.125)\nFor documentation on this error, please visit: https://selenium.dev/exceptions/#no_such_element\nBuild info: version: '4.7.1', revision: 'c6795baf1a3'\nSystem info: os.name: 'Windows 10', os.arch: 'amd64', os.version: '10.0', java.version: '19.0.1'\nDriver info: org.openqa.selenium.chrome.ChromeDriver\nCommand: [58fa6cb40a9f883c7428981c066747b2, findElement {using=xpath, value=//*[@data-testid = 'delete']}]\nCapabilities {acceptInsecureCerts: false, browserName: chrome, browserVersion: 108.0.5359.125, chrome: {chromedriverVersion: 108.0.5359.71 (1e0e3868ee06..., userDataDir: C:\\Users\\AHMEDE~1.ELG\\AppDa...}, goog:chromeOptions: {debuggerAddress: localhost:53467}, networkConnectionEnabled: false, pageLoadStrategy: normal, platformName: WINDOWS, proxy: Proxy(), se:cdp: ws://localhost:53467/devtoo..., se:cdpVersion: 108.0.5359.125, setWindowRect: true, strictFileInteractability: false, timeouts: {implicit: 0, pageLoad: 300000, script: 30000}, unhandledPromptBehavior: dismiss and notify, webauthn:extension:credBlob: true, webauthn:extension:largeBlob: true, webauthn:virtualAuthenticators: true}\nSession ID: 58fa6cb40a9f883c7428981c066747b2","time":{"start":1672314835584,"stop":1672314870479,"duration":34895}},{"uid":"637fbf4ecbd6","status":"passed","time":{"start":1672314749169,"stop":1672314757753,"duration":8584}},{"uid":"a3dbde2fa44e9113","status":"broken","statusDetails":"no such element: Unable to locate element: {\"method\":\"xpath\",\"selector\":\"//*[@data-testid = 'delete']\"}\n  (Session info: chrome=108.0.5359.125)\nFor documentation on this error, please visit: https://selenium.dev/exceptions/#no_such_element\nBuild info: version: '4.7.1', revision: 'c6795baf1a3'\nSystem info: os.name: 'Windows 10', os.arch: 'amd64', os.version: '10.0', java.version: '19.0.1'\nDriver info: org.openqa.selenium.chrome.ChromeDriver\nCommand: [8e34cbab5ede306ab8e2f3ef4cb60aee, findElement {using=xpath, value=//*[@data-testid = 'delete']}]\nCapabilities {acceptInsecureCerts: false, browserName: chrome, browserVersion: 108.0.5359.125, chrome: {chromedriverVersion: 108.0.5359.71 (1e0e3868ee06..., userDataDir: C:\\Users\\AHMEDE~1.ELG\\AppDa...}, goog:chromeOptions: {debuggerAddress: localhost:53201}, networkConnectionEnabled: false, pageLoadStrategy: normal, platformName: WINDOWS, proxy: Proxy(), se:cdp: ws://localhost:53201/devtoo..., se:cdpVersion: 108.0.5359.125, setWindowRect: true, strictFileInteractability: false, timeouts: {implicit: 0, pageLoad: 300000, script: 30000}, unhandledPromptBehavior: dismiss and notify, webauthn:extension:credBlob: true, webauthn:extension:largeBlob: true, webauthn:virtualAuthenticators: true}\nSession ID: 8e34cbab5ede306ab8e2f3ef4cb60aee","time":{"start":1672314633149,"stop":1672314670108,"duration":36959}},{"uid":"22e190403d478737","status":"passed","time":{"start":1672314199830,"stop":1672314202288,"duration":2458}},{"uid":"f781e83bb8f65fc9","status":"passed","time":{"start":1672314077730,"stop":1672314080811,"duration":3081}},{"uid":"b32ee7e2d1132252","status":"passed","time":{"start":1672311062825,"stop":1672311065110,"duration":2285}},{"uid":"b491faa8613363f9","status":"passed","time":{"start":1672311010535,"stop":1672311025062,"duration":14527}},{"uid":"f68958db8a9bf4cb","status":"passed","time":{"start":1672310350368,"stop":1672310359822,"duration":9454}},{"uid":"b2af9014f1eb3238","status":"passed","time":{"start":1672267825165,"stop":1672267831009,"duration":5844}},{"uid":"b956e513e6752ee4","status":"passed","time":{"start":1672267798238,"stop":1672267804137,"duration":5899}},{"uid":"897dcac2e37f0e21","status":"passed","time":{"start":1672267754488,"stop":1672267769447,"duration":14959}},{"uid":"6c4f08b3bb8c4475","status":"passed","time":{"start":1672267717397,"stop":1672267727151,"duration":9754}},{"uid":"545832c526eba337","status":"passed","time":{"start":1672267588099,"stop":1672267595943,"duration":7844}},{"uid":"112d5eaf6a1f7074","status":"passed","time":{"start":1672266767021,"stop":1672266773038,"duration":6017}},{"uid":"9398a2bf22c1acd5","status":"passed","time":{"start":1672266740310,"stop":1672266749067,"duration":8757}},{"uid":"21e99cbf551cde6c","status":"passed","time":{"start":1672265927034,"stop":1672265932468,"duration":5434}},{"uid":"9cc70ef4955e7ff4","status":"broken","statusDetails":"no such element: Unable to locate element: {\"method\":\"css selector\",\"selector\":\"[data-testid=\"no-todos\"]\"}\n  (Session info: chrome=108.0.5359.125)\nFor documentation on this error, please visit: https://selenium.dev/exceptions/#no_such_element\nBuild info: version: '4.7.1', revision: 'c6795baf1a3'\nSystem info: os.name: 'Windows 10', os.arch: 'amd64', os.version: '10.0', java.version: '19.0.1'\nDriver info: org.openqa.selenium.chrome.ChromeDriver\nCommand: [0414e59c1c66e29cca955750c957b137, findElement {using=css selector, value=[data-testid=\"no-todos\"]}]\nCapabilities {acceptInsecureCerts: false, browserName: chrome, browserVersion: 108.0.5359.125, chrome: {chromedriverVersion: 108.0.5359.71 (1e0e3868ee06..., userDataDir: C:\\Users\\AHMEDE~1.ELG\\AppDa...}, goog:chromeOptions: {debuggerAddress: localhost:61325}, networkConnectionEnabled: false, pageLoadStrategy: normal, platformName: WINDOWS, proxy: Proxy(), se:cdp: ws://localhost:61325/devtoo..., se:cdpVersion: 108.0.5359.125, setWindowRect: true, strictFileInteractability: false, timeouts: {implicit: 0, pageLoad: 300000, script: 30000}, unhandledPromptBehavior: dismiss and notify, webauthn:extension:credBlob: true, webauthn:extension:largeBlob: true, webauthn:virtualAuthenticators: true}\nSession ID: 0414e59c1c66e29cca955750c957b137","time":{"start":1672265758112,"stop":1672265798245,"duration":40133}},{"uid":"98ecceb175c697f9","status":"passed","time":{"start":1672265724734,"stop":1672265742736,"duration":18002}},{"uid":"67d23c559deb2cad","status":"passed","time":{"start":1672265702036,"stop":1672265708123,"duration":6087}},{"uid":"eb339e38400f07a9","status":"passed","time":{"start":1672265660628,"stop":1672265682759,"duration":22131}},{"uid":"9db8a4b3135c2e22","status":"passed","time":{"start":1672265426125,"stop":1672265431948,"duration":5823}},{"uid":"b64532e80bd1c978","status":"passed","time":{"start":1672265394116,"stop":1672265400126,"duration":6010}},{"uid":"69f16e7ebc408ef3","status":"passed","time":{"start":1672265364972,"stop":1672265370597,"duration":5625}},{"uid":"ddc29718c4b12221","status":"passed","time":{"start":1672265317374,"stop":1672265349877,"duration":32503}},{"uid":"3421902eb4fc3558","status":"passed","time":{"start":1672265287123,"stop":1672265300407,"duration":13284}},{"uid":"254b8e339f9dc9f8","status":"broken","statusDetails":"no such element: Unable to locate element: {\"method\":\"css selector\",\"selector\":\"[data-testid=\"no-todos\"]\"}\n  (Session info: chrome=108.0.5359.125)\nFor documentation on this error, please visit: https://selenium.dev/exceptions/#no_such_element\nBuild info: version: '4.7.1', revision: 'c6795baf1a3'\nSystem info: os.name: 'Windows 10', os.arch: 'amd64', os.version: '10.0', java.version: '19.0.1'\nDriver info: org.openqa.selenium.chrome.ChromeDriver\nCommand: [1a67da06e6217f71a8b5ea5864feca11, findElement {using=css selector, value=[data-testid=\"no-todos\"]}]\nCapabilities {acceptInsecureCerts: false, browserName: chrome, browserVersion: 108.0.5359.125, chrome: {chromedriverVersion: 108.0.5359.71 (1e0e3868ee06..., userDataDir: C:\\Users\\AHMEDE~1.ELG\\AppDa...}, goog:chromeOptions: {debuggerAddress: localhost:60235}, networkConnectionEnabled: false, pageLoadStrategy: normal, platformName: WINDOWS, proxy: Proxy(), se:cdp: ws://localhost:60235/devtoo..., se:cdpVersion: 108.0.5359.125, setWindowRect: true, strictFileInteractability: false, timeouts: {implicit: 0, pageLoad: 300000, script: 30000}, unhandledPromptBehavior: dismiss and notify, webauthn:extension:credBlob: true, webauthn:extension:largeBlob: true, webauthn:virtualAuthenticators: true}\nSession ID: 1a67da06e6217f71a8b5ea5864feca11","time":{"start":1672265221409,"stop":1672265256904,"duration":35495}},{"uid":"8d7d6940fd31af7a","status":"broken","statusDetails":"no such element: Unable to locate element: {\"method\":\"css selector\",\"selector\":\"[data-testid=\"no-todos\"]\"}\n  (Session info: chrome=108.0.5359.125)\nFor documentation on this error, please visit: https://selenium.dev/exceptions/#no_such_element\nBuild info: version: '4.7.1', revision: 'c6795baf1a3'\nSystem info: os.name: 'Windows 10', os.arch: 'amd64', os.version: '10.0', java.version: '19.0.1'\nDriver info: org.openqa.selenium.chrome.ChromeDriver\nCommand: [cfa17f8d8569e0430aa0c327693ff708, findElement {using=css selector, value=[data-testid=\"no-todos\"]}]\nCapabilities {acceptInsecureCerts: false, browserName: chrome, browserVersion: 108.0.5359.125, chrome: {chromedriverVersion: 108.0.5359.71 (1e0e3868ee06..., userDataDir: C:\\Users\\AHMEDE~1.ELG\\AppDa...}, goog:chromeOptions: {debuggerAddress: localhost:60064}, networkConnectionEnabled: false, pageLoadStrategy: normal, platformName: WINDOWS, proxy: Proxy(), se:cdp: ws://localhost:60064/devtoo..., se:cdpVersion: 108.0.5359.125, setWindowRect: true, strictFileInteractability: false, timeouts: {implicit: 0, pageLoad: 300000, script: 30000}, unhandledPromptBehavior: dismiss and notify, webauthn:extension:credBlob: true, webauthn:extension:largeBlob: true, webauthn:virtualAuthenticators: true}\nSession ID: cfa17f8d8569e0430aa0c327693ff708","time":{"start":1672265121264,"stop":1672265158974,"duration":37710}},{"uid":"165fc98120a8ac7b","status":"passed","time":{"start":1672265090145,"stop":1672265098657,"duration":8512}},{"uid":"3793f8f8a3b132ee","status":"passed","time":{"start":1672263116109,"stop":1672263120653,"duration":4544}},{"uid":"5043df1a4f2a1503","status":"broken","statusDetails":"no such element: Unable to locate element: {\"method\":\"css selector\",\"selector\":\"[data-testid=\"no-todos\"]\"}\n  (Session info: chrome=108.0.5359.125)\nFor documentation on this error, please visit: https://selenium.dev/exceptions/#no_such_element\nBuild info: version: '4.7.1', revision: 'c6795baf1a3'\nSystem info: os.name: 'Windows 10', os.arch: 'amd64', os.version: '10.0', java.version: '19.0.1'\nDriver info: org.openqa.selenium.chrome.ChromeDriver\nCommand: [47129fde4cd76d5d51796b7cadf5bc4a, findElement {using=css selector, value=[data-testid=\"no-todos\"]}]\nCapabilities {acceptInsecureCerts: false, browserName: chrome, browserVersion: 108.0.5359.125, chrome: {chromedriverVersion: 108.0.5359.71 (1e0e3868ee06..., userDataDir: C:\\Users\\AHMEDE~1.ELG\\AppDa...}, goog:chromeOptions: {debuggerAddress: localhost:54513}, networkConnectionEnabled: false, pageLoadStrategy: normal, platformName: WINDOWS, proxy: Proxy(), se:cdp: ws://localhost:54513/devtoo..., se:cdpVersion: 108.0.5359.125, setWindowRect: true, strictFileInteractability: false, timeouts: {implicit: 0, pageLoad: 300000, script: 30000}, unhandledPromptBehavior: dismiss and notify, webauthn:extension:credBlob: true, webauthn:extension:largeBlob: true, webauthn:virtualAuthenticators: true}\nSession ID: 47129fde4cd76d5d51796b7cadf5bc4a","time":{"start":1672263052448,"stop":1672263088115,"duration":35667}},{"uid":"258f47d59797ab9a","status":"broken","statusDetails":"no such element: Unable to locate element: {\"method\":\"css selector\",\"selector\":\"[data-testid=\"no-todos\"]\"}\n  (Session info: chrome=108.0.5359.125)\nFor documentation on this error, please visit: https://selenium.dev/exceptions/#no_such_element\nBuild info: version: '4.7.1', revision: 'c6795baf1a3'\nSystem info: os.name: 'Windows 10', os.arch: 'amd64', os.version: '10.0', java.version: '19.0.1'\nDriver info: org.openqa.selenium.chrome.ChromeDriver\nCommand: [e88ec642e91f257eef127b017b57f9a7, findElement {using=css selector, value=[data-testid=\"no-todos\"]}]\nCapabilities {acceptInsecureCerts: false, browserName: chrome, browserVersion: 108.0.5359.125, chrome: {chromedriverVersion: 108.0.5359.71 (1e0e3868ee06..., userDataDir: C:\\Users\\AHMEDE~1.ELG\\AppDa...}, goog:chromeOptions: {debuggerAddress: localhost:53948}, networkConnectionEnabled: false, pageLoadStrategy: normal, platformName: WINDOWS, proxy: Proxy(), se:cdp: ws://localhost:53948/devtoo..., se:cdpVersion: 108.0.5359.125, setWindowRect: true, strictFileInteractability: false, timeouts: {implicit: 0, pageLoad: 300000, script: 30000}, unhandledPromptBehavior: dismiss and notify, webauthn:extension:credBlob: true, webauthn:extension:largeBlob: true, webauthn:virtualAuthenticators: true}\nSession ID: e88ec642e91f257eef127b017b57f9a7","time":{"start":1672262558650,"stop":1672262595173,"duration":36523}},{"uid":"e2ad946ac2f068f6","status":"passed","time":{"start":1672262528593,"stop":1672262534455,"duration":5862}},{"uid":"a9b02373f722461d","status":"passed","time":{"start":1672262491435,"stop":1672262505670,"duration":14235}},{"uid":"6c37c44fb5d55cdc","status":"passed","time":{"start":1672262465916,"stop":1672262470067,"duration":4151}},{"uid":"dcb908b1cfdfb844","status":"passed","time":{"start":1672262414367,"stop":1672262432213,"duration":17846}},{"uid":"f883057a75c286cd","status":"broken","statusDetails":"no such element: Unable to locate element: {\"method\":\"css selector\",\"selector\":\"[data-testid=\"no-todos\"]\"}\n  (Session info: chrome=108.0.5359.125)\nFor documentation on this error, please visit: https://selenium.dev/exceptions/#no_such_element\nBuild info: version: '4.7.1', revision: 'c6795baf1a3'\nSystem info: os.name: 'Windows 10', os.arch: 'amd64', os.version: '10.0', java.version: '19.0.1'\nDriver info: org.openqa.selenium.chrome.ChromeDriver\nCommand: [97ce62408f1e8468c3063486f424e199, findElement {using=css selector, value=[data-testid=\"no-todos\"]}]\nCapabilities {acceptInsecureCerts: false, browserName: chrome, browserVersion: 108.0.5359.125, chrome: {chromedriverVersion: 108.0.5359.71 (1e0e3868ee06..., userDataDir: C:\\Users\\AHMEDE~1.ELG\\AppDa...}, goog:chromeOptions: {debuggerAddress: localhost:53397}, networkConnectionEnabled: false, pageLoadStrategy: normal, platformName: WINDOWS, proxy: Proxy(), se:cdp: ws://localhost:53397/devtoo..., se:cdpVersion: 108.0.5359.125, setWindowRect: true, strictFileInteractability: false, timeouts: {implicit: 0, pageLoad: 300000, script: 30000}, unhandledPromptBehavior: dismiss and notify, webauthn:extension:credBlob: true, webauthn:extension:largeBlob: true, webauthn:virtualAuthenticators: true}\nSession ID: 97ce62408f1e8468c3063486f424e199","time":{"start":1672262224738,"stop":1672262258830,"duration":34092}},{"uid":"2cffd578d8ee9698","status":"passed","time":{"start":1672262205678,"stop":1672262210075,"duration":4397}},{"uid":"bda0d0ea8af71c95","status":"passed","time":{"start":1672262083035,"stop":1672262087519,"duration":4484}},{"uid":"4420ed96a99c3720","status":"broken","statusDetails":"no such element: Unable to locate element: {\"method\":\"css selector\",\"selector\":\"[data-testid=\"no-todos\"]\"}\n  (Session info: chrome=108.0.5359.125)\nFor documentation on this error, please visit: https://selenium.dev/exceptions/#no_such_element\nBuild info: version: '4.7.1', revision: 'c6795baf1a3'\nSystem info: os.name: 'Windows 10', os.arch: 'amd64', os.version: '10.0', java.version: '19.0.1'\nDriver info: org.openqa.selenium.chrome.ChromeDriver\nCommand: [08546e46b7d4215e359761c26260778f, findElement {using=css selector, value=[data-testid=\"no-todos\"]}]\nCapabilities {acceptInsecureCerts: false, browserName: chrome, browserVersion: 108.0.5359.125, chrome: {chromedriverVersion: 108.0.5359.71 (1e0e3868ee06..., userDataDir: C:\\Users\\AHMEDE~1.ELG\\AppDa...}, goog:chromeOptions: {debuggerAddress: localhost:53075}, networkConnectionEnabled: false, pageLoadStrategy: normal, platformName: WINDOWS, proxy: Proxy(), se:cdp: ws://localhost:53075/devtoo..., se:cdpVersion: 108.0.5359.125, setWindowRect: true, strictFileInteractability: false, timeouts: {implicit: 0, pageLoad: 300000, script: 30000}, unhandledPromptBehavior: dismiss and notify, webauthn:extension:credBlob: true, webauthn:extension:largeBlob: true, webauthn:virtualAuthenticators: true}\nSession ID: 08546e46b7d4215e359761c26260778f","time":{"start":1672262037098,"stop":1672262061552,"duration":24454}},{"uid":"e7883f5d000b0757","status":"passed","time":{"start":1672261961527,"stop":1672261966470,"duration":4943}},{"uid":"a06b164ff0e1d75c","status":"broken","statusDetails":"no such element: Unable to locate element: {\"method\":\"css selector\",\"selector\":\"[data-testid=\"no-todos\"]\"}\n  (Session info: chrome=108.0.5359.125)\nFor documentation on this error, please visit: https://selenium.dev/exceptions/#no_such_element\nBuild info: version: '4.7.1', revision: 'c6795baf1a3'\nSystem info: os.name: 'Windows 10', os.arch: 'amd64', os.version: '10.0', java.version: '19.0.1'\nDriver info: org.openqa.selenium.chrome.ChromeDriver\nCommand: [f930cf24e830fdbdbff20c610b076811, findElement {using=css selector, value=[data-testid=\"no-todos\"]}]\nCapabilities {acceptInsecureCerts: false, browserName: chrome, browserVersion: 108.0.5359.125, chrome: {chromedriverVersion: 108.0.5359.71 (1e0e3868ee06..., userDataDir: C:\\Users\\AHMEDE~1.ELG\\AppDa...}, goog:chromeOptions: {debuggerAddress: localhost:52755}, networkConnectionEnabled: false, pageLoadStrategy: normal, platformName: WINDOWS, proxy: Proxy(), se:cdp: ws://localhost:52755/devtoo..., se:cdpVersion: 108.0.5359.125, setWindowRect: true, strictFileInteractability: false, timeouts: {implicit: 0, pageLoad: 300000, script: 30000}, unhandledPromptBehavior: dismiss and notify, webauthn:extension:credBlob: true, webauthn:extension:largeBlob: true, webauthn:virtualAuthenticators: true}\nSession ID: f930cf24e830fdbdbff20c610b076811","time":{"start":1672261652492,"stop":1672261680007,"duration":27515}},{"uid":"2e3bcebcdcacbf9e","status":"passed","time":{"start":1672261179112,"stop":1672261185153,"duration":6041}},{"uid":"5b76499db60b6d93","status":"broken","statusDetails":"no such element: Unable to locate element: {\"method\":\"css selector\",\"selector\":\"[data-testid=\"no-todos\"]\"}\n  (Session info: chrome=108.0.5359.125)\nFor documentation on this error, please visit: https://selenium.dev/exceptions/#no_such_element\nBuild info: version: '4.7.1', revision: 'c6795baf1a3'\nSystem info: os.name: 'Windows 10', os.arch: 'amd64', os.version: '10.0', java.version: '19.0.1'\nDriver info: org.openqa.selenium.chrome.ChromeDriver\nCommand: [d2224a57b550ba4b11b14b6250abe5c0, findElement {using=css selector, value=[data-testid=\"no-todos\"]}]\nCapabilities {acceptInsecureCerts: false, browserName: chrome, browserVersion: 108.0.5359.125, chrome: {chromedriverVersion: 108.0.5359.71 (1e0e3868ee06..., userDataDir: C:\\Users\\AHMEDE~1.ELG\\AppDa...}, goog:chromeOptions: {debuggerAddress: localhost:52307}, networkConnectionEnabled: false, pageLoadStrategy: normal, platformName: WINDOWS, proxy: Proxy(), se:cdp: ws://localhost:52307/devtoo..., se:cdpVersion: 108.0.5359.125, setWindowRect: true, strictFileInteractability: false, timeouts: {implicit: 0, pageLoad: 300000, script: 30000}, unhandledPromptBehavior: dismiss and notify, webauthn:extension:credBlob: true, webauthn:extension:largeBlob: true, webauthn:virtualAuthenticators: true}\nSession ID: d2224a57b550ba4b11b14b6250abe5c0","time":{"start":1672261139377,"stop":1672261165760,"duration":26383}},{"uid":"7af0720acb13247b","status":"skipped","statusDetails":"The browser is not supported","time":{"start":1672261103693,"stop":1672261103694,"duration":1}},{"uid":"e8a74743ec741627","status":"passed","time":{"start":1672259068500,"stop":1672259080828,"duration":12328}},{"uid":"97a07d16accfae9","status":"broken","statusDetails":"no such element: Unable to locate element: {\"method\":\"css selector\",\"selector\":\"[data-testid=\"no-todos\"]\"}\n  (Session info: chrome=108.0.5359.125)\nFor documentation on this error, please visit: https://selenium.dev/exceptions/#no_such_element\nBuild info: version: '4.7.1', revision: 'c6795baf1a3'\nSystem info: os.name: 'Windows 10', os.arch: 'amd64', os.version: '10.0', java.version: '19.0.1'\nDriver info: org.openqa.selenium.chrome.ChromeDriver\nCommand: [68a1f8d8173dddf7749af44b6a77ec01, findElement {using=css selector, value=[data-testid=\"no-todos\"]}]\nCapabilities {acceptInsecureCerts: false, browserName: chrome, browserVersion: 108.0.5359.125, chrome: {chromedriverVersion: 108.0.5359.71 (1e0e3868ee06..., userDataDir: C:\\Users\\AHMEDE~1.ELG\\AppDa...}, goog:chromeOptions: {debuggerAddress: localhost:50081}, networkConnectionEnabled: false, pageLoadStrategy: normal, platformName: WINDOWS, proxy: Proxy(), se:cdp: ws://localhost:50081/devtoo..., se:cdpVersion: 108.0.5359.125, setWindowRect: true, strictFileInteractability: false, timeouts: {implicit: 0, pageLoad: 300000, script: 30000}, unhandledPromptBehavior: dismiss and notify, webauthn:extension:credBlob: true, webauthn:extension:largeBlob: true, webauthn:virtualAuthenticators: true}\nSession ID: 68a1f8d8173dddf7749af44b6a77ec01","time":{"start":1672258991371,"stop":1672259016157,"duration":24786}},{"uid":"589efeca309c74","status":"passed","time":{"start":1672240796084,"stop":1672240801441,"duration":5357}},{"uid":"239bc46a5b62fbec","status":"broken","statusDetails":"no such element: Unable to locate element: {\"method\":\"css selector\",\"selector\":\"[data-testid=\"no-todos\"]\"}\n  (Session info: chrome=108.0.5359.125)\nFor documentation on this error, please visit: https://selenium.dev/exceptions/#no_such_element\nBuild info: version: '4.7.1', revision: 'c6795baf1a3'\nSystem info: os.name: 'Windows 10', os.arch: 'amd64', os.version: '10.0', java.version: '19.0.1'\nDriver info: org.openqa.selenium.chrome.ChromeDriver\nCommand: [92e37f912c723dda5fc23cd7a962c6a9, findElement {using=css selector, value=[data-testid=\"no-todos\"]}]\nCapabilities {acceptInsecureCerts: false, browserName: chrome, browserVersion: 108.0.5359.125, chrome: {chromedriverVersion: 108.0.5359.71 (1e0e3868ee06..., userDataDir: C:\\Users\\AHMEDE~1.ELG\\AppDa...}, goog:chromeOptions: {debuggerAddress: localhost:57944}, networkConnectionEnabled: false, pageLoadStrategy: normal, platformName: WINDOWS, proxy: Proxy(), se:cdp: ws://localhost:57944/devtoo..., se:cdpVersion: 108.0.5359.125, setWindowRect: true, strictFileInteractability: false, timeouts: {implicit: 0, pageLoad: 300000, script: 30000}, unhandledPromptBehavior: dismiss and notify, webauthn:extension:credBlob: true, webauthn:extension:largeBlob: true, webauthn:virtualAuthenticators: true}\nSession ID: 92e37f912c723dda5fc23cd7a962c6a9","time":{"start":1672240744957,"stop":1672240771690,"duration":26733}}],"categories":[{"name":"Product defects","matchedStatuses":[],"flaky":false}],"tags":[]},"source":"1458cf5b38359f3c.json","parameterValues":[]}