{"uid":"43c7ab9ca096e0d0","name":"Test the login functionality using email and password","fullName":"com.qacart.todo.testcases.LoginTest.ShouldBeAbleToLoginWithEmailAndPassword","historyId":"d0a1d3d3ce4e9f3f5befa0167a987411","time":{"start":1674730922789,"stop":1674730954274,"duration":31485},"description":"It will login by filling the email and password then navigate to the todo page","descriptionHtml":"<p>It will login by filling the email and password then navigate to the todo page</p>\n","status":"broken","statusMessage":"no such element: Unable to locate element: {\"method\":\"css selector\",\"selector\":\"[data-testid=\"welcome\"]\"}\n  (Session info: chrome=109.0.5414.119)\nFor documentation on this error, please visit: https://selenium.dev/exceptions/#no_such_element\nBuild info: version: '4.7.1', revision: 'c6795baf1a3'\nSystem info: os.name: 'Windows 10', os.arch: 'amd64', os.version: '10.0', java.version: '19.0.1'\nDriver info: org.openqa.selenium.chrome.ChromeDriver\nCommand: [c9ee88fb1ea7033a94b13d692ee58c26, findElement {using=css selector, value=[data-testid=\"welcome\"]}]\nCapabilities {acceptInsecureCerts: false, browserName: chrome, browserVersion: 109.0.5414.119, chrome: {chromedriverVersion: 109.0.5414.74 (e7c5703604da..., userDataDir: C:\\Users\\AHMEDE~1.ELG\\AppDa...}, goog:chromeOptions: {debuggerAddress: localhost:64071}, networkConnectionEnabled: false, pageLoadStrategy: normal, platformName: WINDOWS, proxy: Proxy(), se:cdp: ws://localhost:64071/devtoo..., se:cdpVersion: 109.0.5414.119, setWindowRect: true, strictFileInteractability: false, timeouts: {implicit: 0, pageLoad: 300000, script: 30000}, unhandledPromptBehavior: dismiss and notify, webauthn:extension:credBlob: true, webauthn:extension:largeBlob: true, webauthn:virtualAuthenticators: true}\nSession ID: c9ee88fb1ea7033a94b13d692ee58c26","statusTrace":"org.openqa.selenium.NoSuchElementException: no such element: Unable to locate element: {\"method\":\"css selector\",\"selector\":\"[data-testid=\"welcome\"]\"}\n  (Session info: chrome=109.0.5414.119)\nFor documentation on this error, please visit: https://selenium.dev/exceptions/#no_such_element\nBuild info: version: '4.7.1', revision: 'c6795baf1a3'\nSystem info: os.name: 'Windows 10', os.arch: 'amd64', os.version: '10.0', java.version: '19.0.1'\nDriver info: org.openqa.selenium.chrome.ChromeDriver\nCommand: [c9ee88fb1ea7033a94b13d692ee58c26, findElement {using=css selector, value=[data-testid=\"welcome\"]}]\nCapabilities {acceptInsecureCerts: false, browserName: chrome, browserVersion: 109.0.5414.119, chrome: {chromedriverVersion: 109.0.5414.74 (e7c5703604da..., userDataDir: C:\\Users\\AHMEDE~1.ELG\\AppDa...}, goog:chromeOptions: {debuggerAddress: localhost:64071}, networkConnectionEnabled: false, pageLoadStrategy: normal, platformName: WINDOWS, proxy: Proxy(), se:cdp: ws://localhost:64071/devtoo..., se:cdpVersion: 109.0.5414.119, setWindowRect: true, strictFileInteractability: false, timeouts: {implicit: 0, pageLoad: 300000, script: 30000}, unhandledPromptBehavior: dismiss and notify, webauthn:extension:credBlob: true, webauthn:extension:largeBlob: true, webauthn:virtualAuthenticators: true}\nSession ID: c9ee88fb1ea7033a94b13d692ee58c26\r\n\tat java.base/jdk.internal.reflect.DirectConstructorHandleAccessor.newInstance(DirectConstructorHandleAccessor.java:67)\r\n\tat java.base/java.lang.reflect.Constructor.newInstanceWithCaller(Constructor.java:500)\r\n\tat java.base/java.lang.reflect.Constructor.newInstance(Constructor.java:484)\r\n\tat org.openqa.selenium.remote.codec.w3c.W3CHttpResponseCodec.createException(W3CHttpResponseCodec.java:200)\r\n\tat org.openqa.selenium.remote.codec.w3c.W3CHttpResponseCodec.decode(W3CHttpResponseCodec.java:133)\r\n\tat org.openqa.selenium.remote.codec.w3c.W3CHttpResponseCodec.decode(W3CHttpResponseCodec.java:53)\r\n\tat org.openqa.selenium.remote.HttpCommandExecutor.execute(HttpCommandExecutor.java:184)\r\n\tat org.openqa.selenium.remote.service.DriverCommandExecutor.invokeExecute(DriverCommandExecutor.java:167)\r\n\tat org.openqa.selenium.remote.service.DriverCommandExecutor.execute(DriverCommandExecutor.java:142)\r\n\tat org.openqa.selenium.remote.RemoteWebDriver.execute(RemoteWebDriver.java:551)\r\n\tat org.openqa.selenium.remote.ElementLocation$ElementFinder$2.findElement(ElementLocation.java:162)\r\n\tat org.openqa.selenium.remote.ElementLocation.findElement(ElementLocation.java:60)\r\n\tat org.openqa.selenium.remote.RemoteWebDriver.findElement(RemoteWebDriver.java:367)\r\n\tat org.openqa.selenium.remote.RemoteWebDriver.findElement(RemoteWebDriver.java:359)\r\n\tat org.openqa.selenium.support.pagefactory.DefaultElementLocator.findElement(DefaultElementLocator.java:70)\r\n\tat org.openqa.selenium.support.pagefactory.internal.LocatingElementHandler.invoke(LocatingElementHandler.java:39)\r\n\tat jdk.proxy2/jdk.proxy2.$Proxy21.isDisplayed(Unknown Source)\r\n\tat com.qacart.todo.pages.TodoPage.isWelcomeMessageDisplayed(TodoPage.java:41)\r\n\tat com.qacart.todo.testcases.LoginTest.ShouldBeAbleToLoginWithEmailAndPassword(LoginTest.java:23)\r\n\tat java.base/jdk.internal.reflect.DirectMethodHandleAccessor.invoke(DirectMethodHandleAccessor.java:104)\r\n\tat java.base/java.lang.reflect.Method.invoke(Method.java:578)\r\n\tat org.testng.internal.invokers.MethodInvocationHelper.invokeMethod(MethodInvocationHelper.java:139)\r\n\tat org.testng.internal.invokers.TestInvoker.invokeMethod(TestInvoker.java:677)\r\n\tat org.testng.internal.invokers.TestInvoker.invokeTestMethod(TestInvoker.java:221)\r\n\tat org.testng.internal.invokers.MethodRunner.runInSequence(MethodRunner.java:50)\r\n\tat org.testng.internal.invokers.TestInvoker$MethodInvocationAgent.invoke(TestInvoker.java:969)\r\n\tat org.testng.internal.invokers.TestInvoker.invokeTestMethods(TestInvoker.java:194)\r\n\tat org.testng.internal.invokers.TestMethodWorker.invokeTestMethods(TestMethodWorker.java:148)\r\n\tat org.testng.internal.invokers.TestMethodWorker.run(TestMethodWorker.java:128)\r\n\tat java.base/java.util.concurrent.ThreadPoolExecutor.runWorker(ThreadPoolExecutor.java:1144)\r\n\tat java.base/java.util.concurrent.ThreadPoolExecutor$Worker.run(ThreadPoolExecutor.java:642)\r\n\tat java.base/java.lang.Thread.run(Thread.java:1589)\r\n","flaky":false,"newFailed":false,"newBroken":false,"newPassed":false,"retriesCount":85,"retriesStatusChange":true,"beforeStages":[{"name":"setup","time":{"start":1674730919053,"stop":1674730922689,"duration":3636},"description":"","status":"passed","steps":[],"attachments":[],"parameters":[],"stepsCount":0,"hasContent":false,"attachmentsCount":0,"shouldDisplayMessage":false}],"testStage":{"description":"It will login by filling the email and password then navigate to the todo page","status":"broken","statusMessage":"no such element: Unable to locate element: {\"method\":\"css selector\",\"selector\":\"[data-testid=\"welcome\"]\"}\n  (Session info: chrome=109.0.5414.119)\nFor documentation on this error, please visit: https://selenium.dev/exceptions/#no_such_element\nBuild info: version: '4.7.1', revision: 'c6795baf1a3'\nSystem info: os.name: 'Windows 10', os.arch: 'amd64', os.version: '10.0', java.version: '19.0.1'\nDriver info: org.openqa.selenium.chrome.ChromeDriver\nCommand: [c9ee88fb1ea7033a94b13d692ee58c26, findElement {using=css selector, value=[data-testid=\"welcome\"]}]\nCapabilities {acceptInsecureCerts: false, browserName: chrome, browserVersion: 109.0.5414.119, chrome: {chromedriverVersion: 109.0.5414.74 (e7c5703604da..., userDataDir: C:\\Users\\AHMEDE~1.ELG\\AppDa...}, goog:chromeOptions: {debuggerAddress: localhost:64071}, networkConnectionEnabled: false, pageLoadStrategy: normal, platformName: WINDOWS, proxy: Proxy(), se:cdp: ws://localhost:64071/devtoo..., se:cdpVersion: 109.0.5414.119, setWindowRect: true, strictFileInteractability: false, timeouts: {implicit: 0, pageLoad: 300000, script: 30000}, unhandledPromptBehavior: dismiss and notify, webauthn:extension:credBlob: true, webauthn:extension:largeBlob: true, webauthn:virtualAuthenticators: true}\nSession ID: c9ee88fb1ea7033a94b13d692ee58c26","statusTrace":"org.openqa.selenium.NoSuchElementException: no such element: Unable to locate element: {\"method\":\"css selector\",\"selector\":\"[data-testid=\"welcome\"]\"}\n  (Session info: chrome=109.0.5414.119)\nFor documentation on this error, please visit: https://selenium.dev/exceptions/#no_such_element\nBuild info: version: '4.7.1', revision: 'c6795baf1a3'\nSystem info: os.name: 'Windows 10', os.arch: 'amd64', os.version: '10.0', java.version: '19.0.1'\nDriver info: org.openqa.selenium.chrome.ChromeDriver\nCommand: [c9ee88fb1ea7033a94b13d692ee58c26, findElement {using=css selector, value=[data-testid=\"welcome\"]}]\nCapabilities {acceptInsecureCerts: false, browserName: chrome, browserVersion: 109.0.5414.119, chrome: {chromedriverVersion: 109.0.5414.74 (e7c5703604da..., userDataDir: C:\\Users\\AHMEDE~1.ELG\\AppDa...}, goog:chromeOptions: {debuggerAddress: localhost:64071}, networkConnectionEnabled: false, pageLoadStrategy: normal, platformName: WINDOWS, proxy: Proxy(), se:cdp: ws://localhost:64071/devtoo..., se:cdpVersion: 109.0.5414.119, setWindowRect: true, strictFileInteractability: false, timeouts: {implicit: 0, pageLoad: 300000, script: 30000}, unhandledPromptBehavior: dismiss and notify, webauthn:extension:credBlob: true, webauthn:extension:largeBlob: true, webauthn:virtualAuthenticators: true}\nSession ID: c9ee88fb1ea7033a94b13d692ee58c26\r\n\tat java.base/jdk.internal.reflect.DirectConstructorHandleAccessor.newInstance(DirectConstructorHandleAccessor.java:67)\r\n\tat java.base/java.lang.reflect.Constructor.newInstanceWithCaller(Constructor.java:500)\r\n\tat java.base/java.lang.reflect.Constructor.newInstance(Constructor.java:484)\r\n\tat org.openqa.selenium.remote.codec.w3c.W3CHttpResponseCodec.createException(W3CHttpResponseCodec.java:200)\r\n\tat org.openqa.selenium.remote.codec.w3c.W3CHttpResponseCodec.decode(W3CHttpResponseCodec.java:133)\r\n\tat org.openqa.selenium.remote.codec.w3c.W3CHttpResponseCodec.decode(W3CHttpResponseCodec.java:53)\r\n\tat org.openqa.selenium.remote.HttpCommandExecutor.execute(HttpCommandExecutor.java:184)\r\n\tat org.openqa.selenium.remote.service.DriverCommandExecutor.invokeExecute(DriverCommandExecutor.java:167)\r\n\tat org.openqa.selenium.remote.service.DriverCommandExecutor.execute(DriverCommandExecutor.java:142)\r\n\tat org.openqa.selenium.remote.RemoteWebDriver.execute(RemoteWebDriver.java:551)\r\n\tat org.openqa.selenium.remote.ElementLocation$ElementFinder$2.findElement(ElementLocation.java:162)\r\n\tat org.openqa.selenium.remote.ElementLocation.findElement(ElementLocation.java:60)\r\n\tat org.openqa.selenium.remote.RemoteWebDriver.findElement(RemoteWebDriver.java:367)\r\n\tat org.openqa.selenium.remote.RemoteWebDriver.findElement(RemoteWebDriver.java:359)\r\n\tat org.openqa.selenium.support.pagefactory.DefaultElementLocator.findElement(DefaultElementLocator.java:70)\r\n\tat org.openqa.selenium.support.pagefactory.internal.LocatingElementHandler.invoke(LocatingElementHandler.java:39)\r\n\tat jdk.proxy2/jdk.proxy2.$Proxy21.isDisplayed(Unknown Source)\r\n\tat com.qacart.todo.pages.TodoPage.isWelcomeMessageDisplayed(TodoPage.java:41)\r\n\tat com.qacart.todo.testcases.LoginTest.ShouldBeAbleToLoginWithEmailAndPassword(LoginTest.java:23)\r\n\tat java.base/jdk.internal.reflect.DirectMethodHandleAccessor.invoke(DirectMethodHandleAccessor.java:104)\r\n\tat java.base/java.lang.reflect.Method.invoke(Method.java:578)\r\n\tat org.testng.internal.invokers.MethodInvocationHelper.invokeMethod(MethodInvocationHelper.java:139)\r\n\tat org.testng.internal.invokers.TestInvoker.invokeMethod(TestInvoker.java:677)\r\n\tat org.testng.internal.invokers.TestInvoker.invokeTestMethod(TestInvoker.java:221)\r\n\tat org.testng.internal.invokers.MethodRunner.runInSequence(MethodRunner.java:50)\r\n\tat org.testng.internal.invokers.TestInvoker$MethodInvocationAgent.invoke(TestInvoker.java:969)\r\n\tat org.testng.internal.invokers.TestInvoker.invokeTestMethods(TestInvoker.java:194)\r\n\tat org.testng.internal.invokers.TestMethodWorker.invokeTestMethods(TestMethodWorker.java:148)\r\n\tat org.testng.internal.invokers.TestMethodWorker.run(TestMethodWorker.java:128)\r\n\tat java.base/java.util.concurrent.ThreadPoolExecutor.runWorker(ThreadPoolExecutor.java:1144)\r\n\tat java.base/java.util.concurrent.ThreadPoolExecutor$Worker.run(ThreadPoolExecutor.java:642)\r\n\tat java.base/java.lang.Thread.run(Thread.java:1589)\r\n","steps":[{"name":"Load the Login page","time":{"start":1674730922836,"stop":1674730924022,"duration":1186},"status":"passed","steps":[],"attachments":[],"parameters":[],"stepsCount":0,"hasContent":false,"attachmentsCount":0,"shouldDisplayMessage":false},{"name":"Login using Email and Password","time":{"start":1674730924033,"stop":1674730924218,"duration":185},"status":"passed","steps":[],"attachments":[],"parameters":[{"name":"email","value":"ahmed2@example.com"},{"name":"password","value":"123456"}],"stepsCount":0,"hasContent":true,"attachmentsCount":0,"shouldDisplayMessage":false},{"name":"Check the welcome Message","time":{"start":1674730924218,"stop":1674730954274,"duration":30056},"status":"broken","statusMessage":"no such element: Unable to locate element: {\"method\":\"css selector\",\"selector\":\"[data-testid=\"welcome\"]\"}\n  (Session info: chrome=109.0.5414.119)\nFor documentation on this error, please visit: https://selenium.dev/exceptions/#no_such_element\nBuild info: version: '4.7.1', revision: 'c6795baf1a3'\nSystem info: os.name: 'Windows 10', os.arch: 'amd64', os.version: '10.0', java.version: '19.0.1'\nDriver info: org.openqa.selenium.chrome.ChromeDriver\nCommand: [c9ee88fb1ea7033a94b13d692ee58c26, findElement {using=css selector, value=[data-testid=\"welcome\"]}]\nCapabilities {acceptInsecureCerts: false, browserName: chrome, browserVersion: 109.0.5414.119, chrome: {chromedriverVersion: 109.0.5414.74 (e7c5703604da..., userDataDir: C:\\Users\\AHMEDE~1.ELG\\AppDa...}, goog:chromeOptions: {debuggerAddress: localhost:64071}, networkConnectionEnabled: false, pageLoadStrategy: normal, platformName: WINDOWS, proxy: Proxy(), se:cdp: ws://localhost:64071/devtoo..., se:cdpVersion: 109.0.5414.119, setWindowRect: true, strictFileInteractability: false, timeouts: {implicit: 0, pageLoad: 300000, script: 30000}, unhandledPromptBehavior: dismiss and notify, webauthn:extension:credBlob: true, webauthn:extension:largeBlob: true, webauthn:virtualAuthenticators: true}\nSession ID: c9ee88fb1ea7033a94b13d692ee58c26","statusTrace":"org.openqa.selenium.NoSuchElementException: no such element: Unable to locate element: {\"method\":\"css selector\",\"selector\":\"[data-testid=\"welcome\"]\"}\n  (Session info: chrome=109.0.5414.119)\nFor documentation on this error, please visit: https://selenium.dev/exceptions/#no_such_element\nBuild info: version: '4.7.1', revision: 'c6795baf1a3'\nSystem info: os.name: 'Windows 10', os.arch: 'amd64', os.version: '10.0', java.version: '19.0.1'\nDriver info: org.openqa.selenium.chrome.ChromeDriver\nCommand: [c9ee88fb1ea7033a94b13d692ee58c26, findElement {using=css selector, value=[data-testid=\"welcome\"]}]\nCapabilities {acceptInsecureCerts: false, browserName: chrome, browserVersion: 109.0.5414.119, chrome: {chromedriverVersion: 109.0.5414.74 (e7c5703604da..., userDataDir: C:\\Users\\AHMEDE~1.ELG\\AppDa...}, goog:chromeOptions: {debuggerAddress: localhost:64071}, networkConnectionEnabled: false, pageLoadStrategy: normal, platformName: WINDOWS, proxy: Proxy(), se:cdp: ws://localhost:64071/devtoo..., se:cdpVersion: 109.0.5414.119, setWindowRect: true, strictFileInteractability: false, timeouts: {implicit: 0, pageLoad: 300000, script: 30000}, unhandledPromptBehavior: dismiss and notify, webauthn:extension:credBlob: true, webauthn:extension:largeBlob: true, webauthn:virtualAuthenticators: true}\nSession ID: c9ee88fb1ea7033a94b13d692ee58c26\r\n\tat java.base/jdk.internal.reflect.DirectConstructorHandleAccessor.newInstance(DirectConstructorHandleAccessor.java:67)\r\n\tat java.base/java.lang.reflect.Constructor.newInstanceWithCaller(Constructor.java:500)\r\n\tat java.base/java.lang.reflect.Constructor.newInstance(Constructor.java:484)\r\n\tat org.openqa.selenium.remote.codec.w3c.W3CHttpResponseCodec.createException(W3CHttpResponseCodec.java:200)\r\n\tat org.openqa.selenium.remote.codec.w3c.W3CHttpResponseCodec.decode(W3CHttpResponseCodec.java:133)\r\n\tat org.openqa.selenium.remote.codec.w3c.W3CHttpResponseCodec.decode(W3CHttpResponseCodec.java:53)\r\n\tat org.openqa.selenium.remote.HttpCommandExecutor.execute(HttpCommandExecutor.java:184)\r\n\tat org.openqa.selenium.remote.service.DriverCommandExecutor.invokeExecute(DriverCommandExecutor.java:167)\r\n\tat org.openqa.selenium.remote.service.DriverCommandExecutor.execute(DriverCommandExecutor.java:142)\r\n\tat org.openqa.selenium.remote.RemoteWebDriver.execute(RemoteWebDriver.java:551)\r\n\tat org.openqa.selenium.remote.ElementLocation$ElementFinder$2.findElement(ElementLocation.java:162)\r\n\tat org.openqa.selenium.remote.ElementLocation.findElement(ElementLocation.java:60)\r\n\tat org.openqa.selenium.remote.RemoteWebDriver.findElement(RemoteWebDriver.java:367)\r\n\tat org.openqa.selenium.remote.RemoteWebDriver.findElement(RemoteWebDriver.java:359)\r\n\tat org.openqa.selenium.support.pagefactory.DefaultElementLocator.findElement(DefaultElementLocator.java:70)\r\n\tat org.openqa.selenium.support.pagefactory.internal.LocatingElementHandler.invoke(LocatingElementHandler.java:39)\r\n\tat jdk.proxy2/jdk.proxy2.$Proxy21.isDisplayed(Unknown Source)\r\n\tat com.qacart.todo.pages.TodoPage.isWelcomeMessageDisplayed(TodoPage.java:41)\r\n\tat com.qacart.todo.testcases.LoginTest.ShouldBeAbleToLoginWithEmailAndPassword(LoginTest.java:23)\r\n\tat java.base/jdk.internal.reflect.DirectMethodHandleAccessor.invoke(DirectMethodHandleAccessor.java:104)\r\n\tat java.base/java.lang.reflect.Method.invoke(Method.java:578)\r\n\tat org.testng.internal.invokers.MethodInvocationHelper.invokeMethod(MethodInvocationHelper.java:139)\r\n\tat org.testng.internal.invokers.TestInvoker.invokeMethod(TestInvoker.java:677)\r\n\tat org.testng.internal.invokers.TestInvoker.invokeTestMethod(TestInvoker.java:221)\r\n\tat org.testng.internal.invokers.MethodRunner.runInSequence(MethodRunner.java:50)\r\n\tat org.testng.internal.invokers.TestInvoker$MethodInvocationAgent.invoke(TestInvoker.java:969)\r\n\tat org.testng.internal.invokers.TestInvoker.invokeTestMethods(TestInvoker.java:194)\r\n\tat org.testng.internal.invokers.TestMethodWorker.invokeTestMethods(TestMethodWorker.java:148)\r\n\tat org.testng.internal.invokers.TestMethodWorker.run(TestMethodWorker.java:128)\r\n\tat java.base/java.util.concurrent.ThreadPoolExecutor.runWorker(ThreadPoolExecutor.java:1144)\r\n\tat java.base/java.util.concurrent.ThreadPoolExecutor$Worker.run(ThreadPoolExecutor.java:642)\r\n\tat java.base/java.lang.Thread.run(Thread.java:1589)\r\n","steps":[],"attachments":[],"parameters":[],"stepsCount":0,"hasContent":true,"attachmentsCount":0,"shouldDisplayMessage":true}],"attachments":[],"parameters":[],"stepsCount":3,"hasContent":true,"attachmentsCount":0,"shouldDisplayMessage":false},"afterStages":[{"name":"tearDown","time":{"start":1674730954281,"stop":1674730955171,"duration":890},"description":"","status":"passed","steps":[],"attachments":[{"uid":"54ea4c69ba4e00f2","name":"screenshot","source":"54ea4c69ba4e00f2.png","type":"image/png","size":63636}],"parameters":[],"stepsCount":0,"hasContent":true,"attachmentsCount":1,"shouldDisplayMessage":false}],"labels":[{"name":"package","value":"com.qacart.todo.testcases.LoginTest"},{"name":"testClass","value":"com.qacart.todo.testcases.LoginTest"},{"name":"testMethod","value":"ShouldBeAbleToLoginWithEmailAndPassword"},{"name":"parentSuite","value":"Surefire suite"},{"name":"suite","value":"Surefire test"},{"name":"subSuite","value":"com.qacart.todo.testcases.LoginTest"},{"name":"host","value":"DE-L089116"},{"name":"thread","value":"4348@DE-L089116.TestNG-test=Surefire test-1(47)"},{"name":"framework","value":"testng"},{"name":"language","value":"java"},{"name":"story","value":"Login with Email and Password"},{"name":"feature","value":"Auth Feature"},{"name":"resultFormat","value":"allure2"}],"parameters":[],"links":[],"hidden":false,"retry":false,"extra":{"severity":"normal","retries":[{"uid":"2d0229af42c0d2b3","status":"broken","statusDetails":"no such element: Unable to locate element: {\"method\":\"css selector\",\"selector\":\"[data-testid=\"welcome\"]\"}\n  (Session info: chrome=109.0.5414.119)\nFor documentation on this error, please visit: https://selenium.dev/exceptions/#no_such_element\nBuild info: version: '4.7.1', revision: 'c6795baf1a3'\nSystem info: os.name: 'Windows 10', os.arch: 'amd64', os.version: '10.0', java.version: '19.0.1'\nDriver info: org.openqa.selenium.chrome.ChromeDriver\nCommand: [8cd35a3e553f0d601614664cd7782373, findElement {using=css selector, value=[data-testid=\"welcome\"]}]\nCapabilities {acceptInsecureCerts: false, browserName: chrome, browserVersion: 109.0.5414.119, chrome: {chromedriverVersion: 109.0.5414.74 (e7c5703604da..., userDataDir: C:\\Users\\AHMEDE~1.ELG\\AppDa...}, goog:chromeOptions: {debuggerAddress: localhost:63334}, networkConnectionEnabled: false, pageLoadStrategy: normal, platformName: WINDOWS, proxy: Proxy(), se:cdp: ws://localhost:63334/devtoo..., se:cdpVersion: 109.0.5414.119, setWindowRect: true, strictFileInteractability: false, timeouts: {implicit: 0, pageLoad: 300000, script: 30000}, unhandledPromptBehavior: dismiss and notify, webauthn:extension:credBlob: true, webauthn:extension:largeBlob: true, webauthn:virtualAuthenticators: true}\nSession ID: 8cd35a3e553f0d601614664cd7782373","time":{"start":1674730301586,"stop":1674730333120,"duration":31534}},{"uid":"4a01cc9bc1ce1e38","status":"passed","time":{"start":1674686922491,"stop":1674686924032,"duration":1541}},{"uid":"5955f0f6c084c451","status":"passed","time":{"start":1674685748672,"stop":1674685750254,"duration":1582}},{"uid":"fd3b319ae5f8c15b","status":"passed","time":{"start":1674685687569,"stop":1674685689055,"duration":1486}},{"uid":"b4caaa22cec85547","status":"passed","time":{"start":1674685662600,"stop":1674685664197,"duration":1597}},{"uid":"1726fb5216a04f7d","status":"broken","statusDetails":"Unable to find element with locator By.cssSelector: [data-testid=\"welcome\"]\nFor documentation on this error, please visit: https://selenium.dev/exceptions/#no_such_element\nBuild info: version: '4.7.1', revision: 'c6795baf1a3'\nSystem info: os.name: 'Windows 10', os.arch: 'amd64', os.version: '10.0', java.version: '19.0.1'\nDriver info: driver.version: RemoteWebDriver","time":{"start":1674685552930,"stop":1674685565172,"duration":12242}},{"uid":"476be669ca150ce6","status":"broken","statusDetails":"Unable to find element with locator By.cssSelector: [data-testid=\"welcome\"]\nFor documentation on this error, please visit: https://selenium.dev/exceptions/#no_such_element\nBuild info: version: '4.7.1', revision: 'c6795baf1a3'\nSystem info: os.name: 'Windows 10', os.arch: 'amd64', os.version: '10.0', java.version: '19.0.2'\nDriver info: driver.version: RemoteWebDriver","time":{"start":1674685528898,"stop":1674685532706,"duration":3808}},{"uid":"3000ef7e989e97c8","status":"broken","statusDetails":"no such element: Unable to locate element: {\"method\":\"css selector\",\"selector\":\"[data-testid=\"welcome\"]\"}\n  (Session info: chrome=109.0.5414.119)\nFor documentation on this error, please visit: https://selenium.dev/exceptions/#no_such_element\nBuild info: version: '4.7.1', revision: 'c6795baf1a3'\nSystem info: os.name: 'Windows 10', os.arch: 'amd64', os.version: '10.0', java.version: '19.0.1'\nDriver info: org.openqa.selenium.chrome.ChromeDriver\nCommand: [783dfd6b30c1d561f757451fc14c9b63, findElement {using=css selector, value=[data-testid=\"welcome\"]}]\nCapabilities {acceptInsecureCerts: false, browserName: chrome, browserVersion: 109.0.5414.119, chrome: {chromedriverVersion: 109.0.5414.74 (e7c5703604da..., userDataDir: C:\\Users\\AHMEDE~1.ELG\\AppDa...}, goog:chromeOptions: {debuggerAddress: localhost:56365}, networkConnectionEnabled: false, pageLoadStrategy: normal, platformName: WINDOWS, proxy: Proxy(), se:cdp: ws://localhost:56365/devtoo..., se:cdpVersion: 109.0.5414.119, setWindowRect: true, strictFileInteractability: false, timeouts: {implicit: 0, pageLoad: 300000, script: 30000}, unhandledPromptBehavior: dismiss and notify, webauthn:extension:credBlob: true, webauthn:extension:largeBlob: true, webauthn:virtualAuthenticators: true}\nSession ID: 783dfd6b30c1d561f757451fc14c9b63","time":{"start":1674683047089,"stop":1674683079096,"duration":32007}},{"uid":"6f82bd41a0c837a1","status":"broken","statusDetails":"Unable to find element with locator By.cssSelector: [data-testid=\"welcome\"]\nFor documentation on this error, please visit: https://selenium.dev/exceptions/#no_such_element\nBuild info: version: '4.7.1', revision: 'c6795baf1a3'\nSystem info: os.name: 'Windows 10', os.arch: 'amd64', os.version: '10.0', java.version: '19.0.1'\nDriver info: driver.version: RemoteWebDriver","time":{"start":1674682806229,"stop":1674682815590,"duration":9361}},{"uid":"8e2fc9f97d16d781","status":"broken","statusDetails":"Unable to find element with locator By.cssSelector: [data-testid=\"welcome\"]\nFor documentation on this error, please visit: https://selenium.dev/exceptions/#no_such_element\nBuild info: version: '4.7.1', revision: 'c6795baf1a3'\nSystem info: os.name: 'Windows 10', os.arch: 'amd64', os.version: '10.0', java.version: '19.0.1'\nDriver info: driver.version: RemoteWebDriver","time":{"start":1674676185779,"stop":1674676201219,"duration":15440}},{"uid":"c32d9d2531316c29","status":"passed","time":{"start":1674386067950,"stop":1674386069472,"duration":1522}},{"uid":"74cb0c2f8243f28a","status":"broken","statusDetails":"Unable to find element with locator By.cssSelector: [data-testid=\"welcome\"]\nFor documentation on this error, please visit: https://selenium.dev/exceptions/#no_such_element\nBuild info: version: '4.7.1', revision: 'c6795baf1a3'\nSystem info: os.name: 'Windows 10', os.arch: 'amd64', os.version: '10.0', java.version: '19.0.1'\nDriver info: driver.version: RemoteWebDriver","time":{"start":1674385942186,"stop":1674385957343,"duration":15157}},{"uid":"32f345070679ea51","status":"passed","time":{"start":1674114804462,"stop":1674114805789,"duration":1327}},{"uid":"467e54fcbadbb4ad","status":"passed","time":{"start":1673940459935,"stop":1673940461453,"duration":1518}},{"uid":"4075574a91082f65","status":"passed","time":{"start":1673614210068,"stop":1673614211708,"duration":1640}},{"uid":"232aed3d6e90e6cd","status":"passed","time":{"start":1673614181435,"stop":1673614183047,"duration":1612}},{"uid":"3fa3c49f222e5ca6","status":"passed","time":{"start":1673614093454,"stop":1673614095211,"duration":1757}},{"uid":"17f9d67f17042172","status":"passed","time":{"start":1673519614089,"stop":1673519616400,"duration":2311}},{"uid":"4d0e6812e8e69423","status":"passed","time":{"start":1673519554655,"stop":1673519556740,"duration":2085}},{"uid":"176d8fc6cf2f3811","status":"passed","time":{"start":1673090126030,"stop":1673090127537,"duration":1507}},{"uid":"68b2e39cfaffa176","status":"passed","time":{"start":1673003588346,"stop":1673003594375,"duration":6029}},{"uid":"c29402f885da7f02","status":"passed","time":{"start":1673002869983,"stop":1673002873587,"duration":3604}},{"uid":"a322618863ba9cc0","status":"passed","time":{"start":1673002784088,"stop":1673002787386,"duration":3298}},{"uid":"496e6b2d543ea446","status":"broken","statusDetails":"no such element: Unable to locate element: {\"method\":\"css selector\",\"selector\":\"[data-testid=\"welcome\"]\"}\n  (Session info: chrome=108.0.5359.125)\nFor documentation on this error, please visit: https://selenium.dev/exceptions/#no_such_element\nBuild info: version: '4.7.1', revision: 'c6795baf1a3'\nSystem info: os.name: 'Windows 10', os.arch: 'amd64', os.version: '10.0', java.version: '19.0.1'\nDriver info: org.openqa.selenium.chrome.ChromeDriver\nCommand: [a0166998f17b48d5b4c0111e0f68fe35, findElement {using=css selector, value=[data-testid=\"welcome\"]}]\nCapabilities {acceptInsecureCerts: false, browserName: chrome, browserVersion: 108.0.5359.125, chrome: {chromedriverVersion: 108.0.5359.71 (1e0e3868ee06..., userDataDir: C:\\Users\\AHMEDE~1.ELG\\AppDa...}, goog:chromeOptions: {debuggerAddress: localhost:55625}, networkConnectionEnabled: false, pageLoadStrategy: normal, platformName: WINDOWS, proxy: Proxy(), se:cdp: ws://localhost:55625/devtoo..., se:cdpVersion: 108.0.5359.125, setWindowRect: true, strictFileInteractability: false, timeouts: {implicit: 0, pageLoad: 300000, script: 30000}, unhandledPromptBehavior: dismiss and notify, webauthn:extension:credBlob: true, webauthn:extension:largeBlob: true, webauthn:virtualAuthenticators: true}\nSession ID: a0166998f17b48d5b4c0111e0f68fe35","time":{"start":1673002674488,"stop":1673002706610,"duration":32122}},{"uid":"b6952d1979062f44","status":"broken","statusDetails":"Unable to find element with locator By.cssSelector: [data-testid=\"welcome\"]\nFor documentation on this error, please visit: https://selenium.dev/exceptions/#no_such_element\nBuild info: version: '4.7.1', revision: 'c6795baf1a3'\nSystem info: os.name: 'Windows 10', os.arch: 'amd64', os.version: '10.0', java.version: '19.0.1'\nDriver info: driver.version: RemoteWebDriver","time":{"start":1672928536958,"stop":1672928547439,"duration":10481}},{"uid":"aada22d6e712f967","status":"broken","statusDetails":"no such element: Unable to locate element: {\"method\":\"css selector\",\"selector\":\"[data-testid=\"welcome\"]\"}\n  (Session info: chrome=108.0.5359.125)\nFor documentation on this error, please visit: https://selenium.dev/exceptions/#no_such_element\nBuild info: version: '4.7.1', revision: 'c6795baf1a3'\nSystem info: os.name: 'Windows 10', os.arch: 'amd64', os.version: '10.0', java.version: '19.0.1'\nDriver info: org.openqa.selenium.chrome.ChromeDriver\nCommand: [72d7931e3f32efba4b4c4810181c11a7, findElement {using=css selector, value=[data-testid=\"welcome\"]}]\nCapabilities {acceptInsecureCerts: false, browserName: chrome, browserVersion: 108.0.5359.125, chrome: {chromedriverVersion: 108.0.5359.71 (1e0e3868ee06..., userDataDir: C:\\Users\\AHMEDE~1.ELG\\AppDa...}, goog:chromeOptions: {debuggerAddress: localhost:56204}, networkConnectionEnabled: false, pageLoadStrategy: normal, platformName: WINDOWS, proxy: Proxy(), se:cdp: ws://localhost:56204/devtoo..., se:cdpVersion: 108.0.5359.125, setWindowRect: true, strictFileInteractability: false, timeouts: {implicit: 0, pageLoad: 300000, script: 30000}, unhandledPromptBehavior: dismiss and notify, webauthn:extension:credBlob: true, webauthn:extension:largeBlob: true, webauthn:virtualAuthenticators: true}\nSession ID: 72d7931e3f32efba4b4c4810181c11a7","time":{"start":1672928468191,"stop":1672928499510,"duration":31319}},{"uid":"123327ff312c98a8","status":"passed","time":{"start":1672755317801,"stop":1672755319337,"duration":1536}},{"uid":"9363feebb5b88949","status":"passed","time":{"start":1672413555324,"stop":1672413556817,"duration":1493}},{"uid":"8fb74b9302d9de8b","status":"passed","time":{"start":1672413044081,"stop":1672413045663,"duration":1582}},{"uid":"489aa3f694cecf80","status":"passed","time":{"start":1672411696131,"stop":1672411697921,"duration":1790}},{"uid":"c694b31687867f59","status":"passed","time":{"start":1672316210522,"stop":1672316212239,"duration":1717}},{"uid":"6b402d89477e796e","status":"passed","time":{"start":1672315300811,"stop":1672315302197,"duration":1386}},{"uid":"7ebfe7b5ed987da4","status":"passed","time":{"start":1672315056419,"stop":1672315057743,"duration":1324}},{"uid":"19e87fbb3e07c383","status":"passed","time":{"start":1672314975541,"stop":1672314977027,"duration":1486}},{"uid":"7298e82dfcd5b052","status":"passed","time":{"start":1672314905421,"stop":1672314906928,"duration":1507}},{"uid":"2f0f93115e41429c","status":"passed","time":{"start":1672314835584,"stop":1672314837271,"duration":1687}},{"uid":"3a245e4eba61cd2d","status":"passed","time":{"start":1672314749169,"stop":1672314752271,"duration":3102}},{"uid":"f84b36093e082078","status":"passed","time":{"start":1672314633149,"stop":1672314635916,"duration":2767}},{"uid":"b00105cf7988fac2","status":"passed","time":{"start":1672314163210,"stop":1672314164660,"duration":1450}},{"uid":"6ece7f3682eaae12","status":"passed","time":{"start":1672314010012,"stop":1672314012005,"duration":1993}},{"uid":"2b46c46bb2ebc31c","status":"passed","time":{"start":1672313003022,"stop":1672313005187,"duration":2165}},{"uid":"2cc34b548ebbea82","status":"passed","time":{"start":1672312875551,"stop":1672312878749,"duration":3198}},{"uid":"5e500c47c1b004b5","status":"passed","time":{"start":1672312592078,"stop":1672312595179,"duration":3101}},{"uid":"4d1c22cc119aa9ce","status":"passed","time":{"start":1672311010535,"stop":1672311012085,"duration":1550}},{"uid":"345e3b75d2ec2266","status":"passed","time":{"start":1672310350368,"stop":1672310351926,"duration":1558}},{"uid":"a85a3bce08d28","status":"passed","time":{"start":1672267825165,"stop":1672267826854,"duration":1689}},{"uid":"9ce38dc92e9dde37","status":"passed","time":{"start":1672267798238,"stop":1672267800199,"duration":1961}},{"uid":"e42e4bb450de21a3","status":"passed","time":{"start":1672267754488,"stop":1672267756031,"duration":1543}},{"uid":"c56574f4f34dda3f","status":"passed","time":{"start":1672267717397,"stop":1672267719089,"duration":1692}},{"uid":"d585c545bc0439b","status":"passed","time":{"start":1672267588099,"stop":1672267589930,"duration":1831}},{"uid":"8f59fd2541625de5","status":"passed","time":{"start":1672266767021,"stop":1672266768848,"duration":1827}},{"uid":"17844672b95b17ee","status":"passed","time":{"start":1672266740310,"stop":1672266742139,"duration":1829}},{"uid":"2f6d98124befe4ae","status":"passed","time":{"start":1672265927034,"stop":1672265928757,"duration":1723}},{"uid":"1e6aa033851382d0","status":"passed","time":{"start":1672265758112,"stop":1672265761265,"duration":3153}},{"uid":"2c13b2f3c2fc862e","status":"passed","time":{"start":1672265724734,"stop":1672265726303,"duration":1569}},{"uid":"dc148c1af8821c8f","status":"passed","time":{"start":1672265702036,"stop":1672265704976,"duration":2940}},{"uid":"d352de165d942e97","status":"passed","time":{"start":1672265660628,"stop":1672265664072,"duration":3444}},{"uid":"1d70eb15e6fdab43","status":"passed","time":{"start":1672265426125,"stop":1672265427864,"duration":1739}},{"uid":"c2989f8909b13e12","status":"passed","time":{"start":1672265394116,"stop":1672265395938,"duration":1822}},{"uid":"cc064b51a8a28e16","status":"passed","time":{"start":1672265364972,"stop":1672265366542,"duration":1570}},{"uid":"416948beaf99b62d","status":"passed","time":{"start":1672265317374,"stop":1672265318977,"duration":1603}},{"uid":"e6ef1708bc0f6bcc","status":"passed","time":{"start":1672265287123,"stop":1672265288982,"duration":1859}},{"uid":"fde352c98663834e","status":"passed","time":{"start":1672265221409,"stop":1672265223032,"duration":1623}},{"uid":"ebcca2ad7bb3f5a7","status":"passed","time":{"start":1672265121264,"stop":1672265123045,"duration":1781}},{"uid":"5e5406563d6fdf0","status":"passed","time":{"start":1672265090145,"stop":1672265091786,"duration":1641}},{"uid":"cd9cecde0d0c0cc3","status":"passed","time":{"start":1672263116109,"stop":1672263117524,"duration":1415}},{"uid":"174f262ffab98936","status":"passed","time":{"start":1672263052520,"stop":1672263054288,"duration":1768}},{"uid":"3a8d98251f14342d","status":"passed","time":{"start":1672262558650,"stop":1672262560577,"duration":1927}},{"uid":"49fb3dceca40a322","status":"passed","time":{"start":1672262528593,"stop":1672262531242,"duration":2649}},{"uid":"93b413d4def968fc","status":"passed","time":{"start":1672262491435,"stop":1672262494676,"duration":3241}},{"uid":"32271a68a9976da8","status":"passed","time":{"start":1672262465916,"stop":1672262467448,"duration":1532}},{"uid":"e608ed8c847b895a","status":"passed","time":{"start":1672262414367,"stop":1672262415945,"duration":1578}},{"uid":"2e06a38c41193d06","status":"passed","time":{"start":1672262224738,"stop":1672262226305,"duration":1567}},{"uid":"60548ece570efba5","status":"passed","time":{"start":1672262205678,"stop":1672262207145,"duration":1467}},{"uid":"869b64564735ec42","status":"passed","time":{"start":1672262083035,"stop":1672262084581,"duration":1546}},{"uid":"a770ede80d6a7901","status":"passed","time":{"start":1672262037098,"stop":1672262038786,"duration":1688}},{"uid":"3a4db68302152b39","status":"passed","time":{"start":1672261961527,"stop":1672261963144,"duration":1617}},{"uid":"8d885f49611bf72e","status":"passed","time":{"start":1672261652492,"stop":1672261655333,"duration":2841}},{"uid":"8237b18822007532","status":"passed","time":{"start":1672261179112,"stop":1672261181257,"duration":2145}},{"uid":"96880adad7a5cd8f","status":"passed","time":{"start":1672261139378,"stop":1672261143264,"duration":3886}},{"uid":"d48eb28ee3cf4aa5","status":"skipped","statusDetails":"The browser is not supported","time":{"start":1672261103693,"stop":1672261103694,"duration":1}},{"uid":"cbb837debe532cec","status":"passed","time":{"start":1672259068500,"stop":1672259071113,"duration":2613}},{"uid":"77d77c8382ef79e8","status":"passed","time":{"start":1672258991371,"stop":1672258993577,"duration":2206}},{"uid":"e294d777418f519a","status":"passed","time":{"start":1672240796084,"stop":1672240797766,"duration":1682}},{"uid":"1d1c10847ad09b76","status":"passed","time":{"start":1672240744957,"stop":1672240746489,"duration":1532}}],"categories":[{"name":"Test defects","matchedStatuses":[],"flaky":false}],"tags":[]},"source":"43c7ab9ca096e0d0.json","parameterValues":[]}